<?xml version="1.0" encoding="UTF-8"?>
<!-- Generated by org.testng.reporters.JUnitReportReporter -->
<testsuite hostname="LAPTOP-F1NCC27D" failures="0" tests="1" name="com.Airshell.testCases.TC_05_VerifyUserIsAbleToOpenOrderInfoPage" time="13.160" errors="0" timestamp="2024-08-06T03:07:39 IST" skipped="0">
  <testcase classname="com.Airshell.testCases.TC_05_VerifyUserIsAbleToOpenOrderInfoPage" name="orderdetails" time="13.160"/>
</testsuite> <!-- com.Airshell.testCases.TC_05_VerifyUserIsAbleToOpenOrderInfoPage -->
