<?xml version="1.0" encoding="UTF-8"?>
<!-- Generated by org.testng.reporters.JUnitReportReporter -->
<testsuite hostname="DESKTOP-E0AAH27" failures="0" tests="1" name="com.Airshell.testCases.TC_05_VerifyUserIsAbleToOpenOrderInfoPage" time="12.472" errors="0" timestamp="2024-08-04T01:12:32 IST" skipped="0">
  <testcase classname="com.Airshell.testCases.TC_05_VerifyUserIsAbleToOpenOrderInfoPage" name="orderdetails" time="12.472"/>
</testsuite> <!-- com.Airshell.testCases.TC_05_VerifyUserIsAbleToOpenOrderInfoPage -->
