<?xml version="1.0" encoding="UTF-8"?>
<!-- Generated by org.testng.reporters.JUnitReportReporter -->
<testsuite hostname="DESKTOP-E0AAH27" failures="0" tests="1" name="com.Airshell.testCases.TC_02_VerifyUserIsAbleToAddProductToCartTest" time="8.976" errors="0" timestamp="2024-08-02T01:41:22 IST" skipped="0">
  <testcase classname="com.Airshell.testCases.TC_02_VerifyUserIsAbleToAddProductToCartTest" name="buyproduct" time="8.976"/>
</testsuite> <!-- com.Airshell.testCases.TC_02_VerifyUserIsAbleToAddProductToCartTest -->
