<?xml version="1.0" encoding="UTF-8"?>
<!-- Generated by org.testng.reporters.JUnitReportReporter -->
<testsuite hostname="DESKTOP-E0AAH27" failures="0" tests="1" name="com.Airshell.testCases.TC_06_VerifyUserIsAbleToGetTheOrderIDFromOrderDetailPage" time="11.847" errors="0" timestamp="2024-08-04T01:15:59 IST" skipped="0">
  <testcase classname="com.Airshell.testCases.TC_06_VerifyUserIsAbleToGetTheOrderIDFromOrderDetailPage" name="orderdetails" time="11.847"/>
</testsuite> <!-- com.Airshell.testCases.TC_06_VerifyUserIsAbleToGetTheOrderIDFromOrderDetailPage -->
