<?xml version="1.0" encoding="UTF-8"?>
<!-- Generated by org.testng.reporters.JUnitReportReporter -->
<testsuite hostname="DESKTOP-E0AAH27" failures="0" tests="1" name="com.Airshell.testCases.TC_03_VerifyUserIsAbleToCheckoutProductFromCart" time="13.836" errors="0" timestamp="2024-08-03T17:31:55 IST" skipped="0">
  <testcase classname="com.Airshell.testCases.TC_03_VerifyUserIsAbleToCheckoutProductFromCart" name="checkout" time="13.836"/>
</testsuite> <!-- com.Airshell.testCases.TC_03_VerifyUserIsAbleToCheckoutProductFromCart -->
