<?xml version="1.0" encoding="UTF-8"?>
<!-- Generated by org.testng.reporters.JUnitReportReporter -->
<testsuite hostname="LAPTOP-F1NCC27D" failures="0" tests="1" name="com.Airshell.testCases.TC_01_VerifyUserIsAbleToLoginToWebsite" time="9.182" errors="0" timestamp="2024-08-05T18:35:47 IST" skipped="0">
  <testcase classname="com.Airshell.testCases.TC_01_VerifyUserIsAbleToLoginToWebsite" name="login" time="9.182"/>
</testsuite> <!-- com.Airshell.testCases.TC_01_VerifyUserIsAbleToLoginToWebsite -->
