<?xml version="1.0" encoding="UTF-8"?>
<!-- Generated by org.testng.reporters.JUnitReportReporter -->
<testsuite hostname="DESKTOP-E0AAH27" failures="0" tests="1" name="com.Airshell.testCases.TC_01_VerifyUserIsAbleToLoginToWebsite" time="6.146" errors="0" timestamp="2024-08-02T01:47:45 IST" skipped="0">
  <testcase classname="com.Airshell.testCases.TC_01_VerifyUserIsAbleToLoginToWebsite" name="login" time="6.146"/>
</testsuite> <!-- com.Airshell.testCases.TC_01_VerifyUserIsAbleToLoginToWebsite -->
